<?xml version="1.0" encoding="UTF-8"?>
<!-- Generated by org.testng.reporters.JUnitReportReporter -->
<testsuite name="com.Intelli.Jenkins.Jenkins.AddEmployee" tests="1" time="12.974" ignored="0" failures="0" timestamp="07 Feb 2017 18:57:33 GMT" skipped="0" hostname="Dhir-PC" errors="0">
  <testcase name="empAdded" time="12.974" classname="com.Intelli.Jenkins.Jenkins.AddEmployee"/>
</testsuite> <!-- com.Intelli.Jenkins.Jenkins.AddEmployee -->
