<?xml version="1.0" encoding="UTF-8"?>
<!-- Generated by org.testng.reporters.JUnitReportReporter -->
<testsuite name="com.Intelli.Jenkins.Jenkins.EditEmployee" tests="1" time="15.147" ignored="0" failures="0" timestamp="07 Feb 2017 18:57:33 GMT" skipped="0" hostname="Dhir-PC" errors="0">
  <testcase name="empChanged" time="15.147" classname="com.Intelli.Jenkins.Jenkins.EditEmployee"/>
</testsuite> <!-- com.Intelli.Jenkins.Jenkins.EditEmployee -->
